<?xml version="1.0" encoding="UTF-8"?>
<testsuite xmlns:xsi="http://www.w3.org/2001/XMLSchema-instance" xsi:noNamespaceSchemaLocation="https://maven.apache.org/surefire/maven-surefire-plugin/xsd/surefire-test-report.xsd" version="3.0.2" name="com.example.gestiontransactions.GestionTransactionsApplicationTests" time="34.718" tests="1" errors="0" skipped="0" failures="0">
  <properties>
[...]
</properties>
  <testcase name="contextLoads" classname="com.example.gestiontransactions.GestionTransactionsApplicationTests" time="2.168">
    <system-out><![CDATA[16:59:56.345 [main] INFO org.springframework.test.context.support.AnnotationConfigContextLoaderUtils -- Could not detect default configuration classes for test class [com.example.gestiontransactions.GestionTransactionsApplicationTests]: GestionTransactionsApplicationTests does not declare any static, non-private, non-final, nested classes annotated with @Configuration.
16:59:58.038 [main] INFO org.springframework.boot.test.context.SpringBootTestContextBootstrapper -- Found @SpringBootConfiguration com.example.gestiontransactions.GestionTransactionsApplication for test class com.example.gestiontransactions.GestionTransactionsApplicationTests
16:59:59.489 [main] INFO org.springframework.boot.devtools.restart.RestartApplicationListener -- Restart disabled due to context in which it is running

  .   ____          _            __ _ _
 /\\ / ___'_ __ _ _(_)_ __  __ _ \ \ \ \
( ( )\___ | '_ | '_| | '_ \/ _` | \ \ \ \
 \\/  ___)| |_)| | | | | || (_| |  ) ) ) )
  '  |____| .__|_| |_|_| |_\__, | / / / /
 =========|_|==============|___/=/_/_/_/

 :: Spring Boot ::                (v3.4.0)

2024-12-08T17:00:06.225+01:00  INFO 16476 --- [transaction-ms] [           main] .e.g.GestionTransactionsApplicationTests : Starting GestionTransactionsApplicationTests using Java 17.0.8 with PID 16476 (started by Anwar in C:\Users\hp\Desktop\mavenTest\transaction-service\GestionTransactions)
2024-12-08T17:00:06.231+01:00  INFO 16476 --- [transaction-ms] [           main] .e.g.GestionTransactionsApplicationTests : No active profile set, falling back to 1 default profile: "default"
2024-12-08T17:00:06.380+01:00  INFO 16476 --- [transaction-ms] [           main] o.s.c.c.c.ConfigServerConfigDataLoader   : Fetching config from server at : http://localhost:8888
2024-12-08T17:00:06.380+01:00  INFO 16476 --- [transaction-ms] [           main] o.s.c.c.c.ConfigServerConfigDataLoader   : Located environment: name=transaction-ms, profiles=[default], label=null, version=7baf17b6e9244c7a237189babe15a2ce23d9a10f, state=
2024-12-08T17:00:08.950+01:00  INFO 16476 --- [transaction-ms] [           main] .s.d.r.c.RepositoryConfigurationDelegate : Bootstrapping Spring Data JPA repositories in DEFAULT mode.
2024-12-08T17:00:09.570+01:00  INFO 16476 --- [transaction-ms] [           main] .s.d.r.c.RepositoryConfigurationDelegate : Finished Spring Data repository scanning in 577 ms. Found 7 JPA repository interfaces.
2024-12-08T17:00:10.695+01:00  INFO 16476 --- [transaction-ms] [           main] o.s.cloud.context.scope.GenericScope     : BeanFactory id=8fc9cd4e-2c68-3e28-b1c0-1eec6afcd2ba
2024-12-08T17:00:11.746+01:00  INFO 16476 --- [transaction-ms] [           main] com.zaxxer.hikari.HikariDataSource       : HikariPool-1 - Starting...
2024-12-08T17:00:14.193+01:00  INFO 16476 --- [transaction-ms] [           main] com.zaxxer.hikari.pool.HikariPool        : HikariPool-1 - Added connection com.mysql.cj.jdbc.ConnectionImpl@58021c3c
2024-12-08T17:00:14.207+01:00  INFO 16476 --- [transaction-ms] [           main] com.zaxxer.hikari.HikariDataSource       : HikariPool-1 - Start completed.
2024-12-08T17:00:14.556+01:00  INFO 16476 --- [transaction-ms] [           main] o.hibernate.jpa.internal.util.LogHelper  : HHH000204: Processing PersistenceUnitInfo [name: default]
2024-12-08T17:00:14.979+01:00  INFO 16476 --- [transaction-ms] [           main] org.hibernate.Version                    : HHH000412: Hibernate ORM core version 6.6.2.Final
2024-12-08T17:00:15.167+01:00  INFO 16476 --- [transaction-ms] [           main] o.h.c.internal.RegionFactoryInitiator    : HHH000026: Second-level cache disabled
2024-12-08T17:00:16.552+01:00  INFO 16476 --- [transaction-ms] [           main] o.s.o.j.p.SpringPersistenceUnitInfo      : No LoadTimeWeaver setup: ignoring JPA class transformer
2024-12-08T17:00:17.327+01:00  INFO 16476 --- [transaction-ms] [           main] org.hibernate.orm.connections.pooling    : HHH10001005: Database info:
	Database JDBC URL [Connecting through datasource 'HikariDataSource (HikariPool-1)']
	Database driver: undefined/unknown
	Database version: 8.0.30
	Autocommit mode: undefined/unknown
	Isolation level: undefined/unknown
	Minimum pool size: undefined/unknown
	Maximum pool size: undefined/unknown
2024-12-08T17:00:21.007+01:00  INFO 16476 --- [transaction-ms] [           main] o.h.e.t.j.p.i.JtaPlatformInitiator       : HHH000489: No JTA platform available (set 'hibernate.transaction.jta.platform' to enable JTA platform integration)
2024-12-08T17:00:21.019+01:00  INFO 16476 --- [transaction-ms] [           main] j.LocalContainerEntityManagerFactoryBean : Initialized JPA EntityManagerFactory for persistence unit 'default'
2024-12-08T17:00:23.428+01:00  WARN 16476 --- [transaction-ms] [           main] JpaBaseConfiguration$JpaWebConfiguration : spring.jpa.open-in-view is enabled by default. Therefore, database queries may be performed during view rendering. Explicitly configure spring.jpa.open-in-view to disable this warning
2024-12-08T17:00:26.477+01:00  INFO 16476 --- [transaction-ms] [           main] DiscoveryClientOptionalArgsConfiguration : Eureka HTTP Client uses RestTemplate.
2024-12-08T17:00:26.652+01:00  WARN 16476 --- [transaction-ms] [           main] iguration$LoadBalancerCaffeineWarnLogger : Spring Cloud LoadBalancer is currently working with the default cache. While this cache implementation is useful for development and tests, it's recommended to use Caffeine cache in production.You can switch to using Caffeine cache, by adding it and org.springframework.cache.caffeine.CaffeineCacheManager to the classpath.
2024-12-08T17:00:26.731+01:00  INFO 16476 --- [transaction-ms] [           main] o.s.c.n.eureka.InstanceInfoFactory       : Setting initial instance status as: STARTING
2024-12-08T17:00:26.844+01:00  INFO 16476 --- [transaction-ms] [           main] com.netflix.discovery.DiscoveryClient    : Initializing Eureka in region default
2024-12-08T17:00:26.859+01:00  INFO 16476 --- [transaction-ms] [           main] c.n.d.s.r.aws.ConfigClusterResolver      : Resolving eureka endpoints via configuration
2024-12-08T17:00:26.920+01:00  INFO 16476 --- [transaction-ms] [           main] com.netflix.discovery.DiscoveryClient    : Disable delta property : false
2024-12-08T17:00:26.922+01:00  INFO 16476 --- [transaction-ms] [           main] com.netflix.discovery.DiscoveryClient    : Single vip registry refresh property : null
2024-12-08T17:00:26.922+01:00  INFO 16476 --- [transaction-ms] [           main] com.netflix.discovery.DiscoveryClient    : Force full registry fetch : false
2024-12-08T17:00:26.922+01:00  INFO 16476 --- [transaction-ms] [           main] com.netflix.discovery.DiscoveryClient    : Application is null : false
2024-12-08T17:00:26.922+01:00  INFO 16476 --- [transaction-ms] [           main] com.netflix.discovery.DiscoveryClient    : Registered Applications size is zero : true
2024-12-08T17:00:26.922+01:00  INFO 16476 --- [transaction-ms] [           main] com.netflix.discovery.DiscoveryClient    : Application version is -1: true
2024-12-08T17:00:26.923+01:00  INFO 16476 --- [transaction-ms] [           main] com.netflix.discovery.DiscoveryClient    : Getting all instance registry info from the eureka server
2024-12-08T17:00:27.939+01:00  INFO 16476 --- [transaction-ms] [           main] com.netflix.discovery.DiscoveryClient    : The response status is 200
2024-12-08T17:00:27.946+01:00  INFO 16476 --- [transaction-ms] [           main] com.netflix.discovery.DiscoveryClient    : Starting heartbeat executor: renew interval is: 30
2024-12-08T17:00:27.975+01:00  INFO 16476 --- [transaction-ms] [           main] c.n.discovery.InstanceInfoReplicator     : InstanceInfoReplicator onDemand update allowed rate per min is 4
2024-12-08T17:00:27.979+01:00  INFO 16476 --- [transaction-ms] [           main] com.netflix.discovery.DiscoveryClient    : Discovery Client initialized at timestamp 1733673627979 with initial instances count: 2
2024-12-08T17:00:28.001+01:00  INFO 16476 --- [transaction-ms] [           main] o.s.c.n.e.s.EurekaServiceRegistry        : Registering application TRANSACTION-MS with eureka with status UP
2024-12-08T17:00:28.004+01:00  INFO 16476 --- [transaction-ms] [           main] com.netflix.discovery.DiscoveryClient    : Saw local status change event StatusChangeEvent [timestamp=1733673628004, current=UP, previous=STARTING]
2024-12-08T17:00:28.012+01:00  INFO 16476 --- [transaction-ms] [foReplicator-%d] com.netflix.discovery.DiscoveryClient    : DiscoveryClient_TRANSACTION-MS/DESKTOP-0A20TTM:transaction-ms:8085: registering service...
2024-12-08T17:00:28.081+01:00  INFO 16476 --- [transaction-ms] [           main] .e.g.GestionTransactionsApplicationTests : Started GestionTransactionsApplicationTests in 28.674 seconds (process running for 35.657)
2024-12-08T17:00:28.345+01:00  INFO 16476 --- [transaction-ms] [foReplicator-%d] com.netflix.discovery.DiscoveryClient    : DiscoveryClient_TRANSACTION-MS/DESKTOP-0A20TTM:transaction-ms:8085 - registration status: 204
]]></system-out>
  </testcase>
</testsuite>